Determining if the pthread_create exist failed with the following output:
Change Dir: /home/ubuntu/mecanum_ws/build/CMakeFiles/CMakeTmp

Run Build Command:"/usr/bin/make" "cmTC_8023e/fast"
/usr/bin/make -f CMakeFiles/cmTC_8023e.dir/build.make CMakeFiles/cmTC_8023e.dir/build
make[1]: Entering directory '/home/ubuntu/mecanum_ws/build/CMakeFiles/CMakeTmp'
Building C object CMakeFiles/cmTC_8023e.dir/CheckSymbolExists.c.o
/usr/bin/cc     -o CMakeFiles/cmTC_8023e.dir/CheckSymbolExists.c.o   -c /home/ubuntu/mecanum_ws/build/CMakeFiles/CMakeTmp/CheckSymbolExists.c
Linking C executable cmTC_8023e
/usr/bin/cmake -E cmake_link_script CMakeFiles/cmTC_8023e.dir/link.txt --verbose=1
/usr/bin/cc       CMakeFiles/cmTC_8023e.dir/CheckSymbolExists.c.o  -o cmTC_8023e -rdynamic 
CMakeFiles/cmTC_8023e.dir/CheckSymbolExists.c.o: In function `main':
CheckSymbolExists.c:(.text+0xe): undefined reference to `pthread_create'
CheckSymbolExists.c:(.text+0x12): undefined reference to `pthread_create'
collect2: error: ld returned 1 exit status
CMakeFiles/cmTC_8023e.dir/build.make:97: recipe for target 'cmTC_8023e' failed
make[1]: *** [cmTC_8023e] Error 1
make[1]: Leaving directory '/home/ubuntu/mecanum_ws/build/CMakeFiles/CMakeTmp'
Makefile:126: recipe for target 'cmTC_8023e/fast' failed
make: *** [cmTC_8023e/fast] Error 2

File /home/ubuntu/mecanum_ws/build/CMakeFiles/CMakeTmp/CheckSymbolExists.c:
/* */
#include <pthread.h>

int main(int argc, char** argv)
{
  (void)argv;
#ifndef pthread_create
  return ((int*)(&pthread_create))[argc];
#else
  (void)argc;
  return 0;
#endif
}

Determining if the function pthread_create exists in the pthreads failed with the following output:
Change Dir: /home/ubuntu/mecanum_ws/build/CMakeFiles/CMakeTmp

Run Build Command:"/usr/bin/make" "cmTC_54223/fast"
/usr/bin/make -f CMakeFiles/cmTC_54223.dir/build.make CMakeFiles/cmTC_54223.dir/build
make[1]: Entering directory '/home/ubuntu/mecanum_ws/build/CMakeFiles/CMakeTmp'
Building C object CMakeFiles/cmTC_54223.dir/CheckFunctionExists.c.o
/usr/bin/cc    -DCHECK_FUNCTION_EXISTS=pthread_create   -o CMakeFiles/cmTC_54223.dir/CheckFunctionExists.c.o   -c /usr/share/cmake-3.5/Modules/CheckFunctionExists.c
Linking C executable cmTC_54223
/usr/bin/cmake -E cmake_link_script CMakeFiles/cmTC_54223.dir/link.txt --verbose=1
/usr/bin/cc   -DCHECK_FUNCTION_EXISTS=pthread_create    CMakeFiles/cmTC_54223.dir/CheckFunctionExists.c.o  -o cmTC_54223 -rdynamic -lpthreads 
/usr/bin/ld: cannot find -lpthreads
collect2: error: ld returned 1 exit status
CMakeFiles/cmTC_54223.dir/build.make:97: recipe for target 'cmTC_54223' failed
make[1]: *** [cmTC_54223] Error 1
make[1]: Leaving directory '/home/ubuntu/mecanum_ws/build/CMakeFiles/CMakeTmp'
Makefile:126: recipe for target 'cmTC_54223/fast' failed
make: *** [cmTC_54223/fast] Error 2


